
[2017-05-24 14:58:41] Traceback (most recent call last):
  File "v8function_handler.pyx", line 42, in cefpython_py27.V8FunctionHandler_Execute (cefpython_py27.cpp:97682)
  File "d:\Java\Fontes\KillBills\AppCheque\viewApp.py", line 37, in sairApp
    sys.exit()
SystemExit


[2017-05-24 16:50:14] Traceback (most recent call last):
  File "v8function_handler.pyx", line 42, in cefpython_py27.V8FunctionHandler_Execute (cefpython_py27.cpp:97682)
  File "d:\Java\Fontes\KillBills\AppCheque\viewApp.py", line 37, in sairApp
    sys.exit()
SystemExit


[2017-05-24 16:59:16] Traceback (most recent call last):
  File "v8function_handler.pyx", line 42, in cefpython_py27.V8FunctionHandler_Execute (cefpython_py27.cpp:97682)
  File "d:\Java\Fontes\KillBills\AppCheque\viewApp.py", line 37, in sairApp
    sys.exit()
SystemExit


[2017-05-25 11:31:02] Traceback (most recent call last):
  File "v8function_handler.pyx", line 42, in cefpython_py27.V8FunctionHandler_Execute (cefpython_py27.cpp:97682)
  File "d:\Java\Fontes\KillBills\AppCheque\viewApp.py", line 37, in sairApp
    sys.exit()
SystemExit


[2017-05-25 11:39:36] Traceback (most recent call last):
  File "v8function_handler.pyx", line 42, in cefpython_py27.V8FunctionHandler_Execute (cefpython_py27.cpp:97682)
  File "d:\Java\Fontes\KillBills\AppCheque\viewApp.py", line 37, in sairApp
    sys.exit()
SystemExit


[2017-05-25 11:40:09] Traceback (most recent call last):
  File "v8function_handler.pyx", line 42, in cefpython_py27.V8FunctionHandler_Execute (cefpython_py27.cpp:97682)
  File "d:\Java\Fontes\KillBills\AppCheque\viewApp.py", line 37, in sairApp
    sys.exit()
SystemExit


[2017-05-25 11:40:22] Traceback (most recent call last):
  File "v8function_handler.pyx", line 42, in cefpython_py27.V8FunctionHandler_Execute (cefpython_py27.cpp:97682)
  File "d:\Java\Fontes\KillBills\AppCheque\viewApp.py", line 37, in sairApp
    sys.exit()
SystemExit


[2017-05-25 11:40:52] Traceback (most recent call last):
  File "v8function_handler.pyx", line 42, in cefpython_py27.V8FunctionHandler_Execute (cefpython_py27.cpp:97682)
  File "d:\Java\Fontes\KillBills\AppCheque\viewApp.py", line 37, in sairApp
    sys.exit()
SystemExit


[2017-05-25 11:41:51] Traceback (most recent call last):
  File "v8function_handler.pyx", line 42, in cefpython_py27.V8FunctionHandler_Execute (cefpython_py27.cpp:97682)
  File "d:\Java\Fontes\KillBills\AppCheque\viewApp.py", line 37, in sairApp
    sys.exit()
SystemExit


[2017-05-25 11:43:09] Traceback (most recent call last):
  File "v8function_handler.pyx", line 42, in cefpython_py27.V8FunctionHandler_Execute (cefpython_py27.cpp:97682)
  File "d:\Java\Fontes\KillBills\AppCheque\viewApp.py", line 37, in sairApp
    sys.exit()
SystemExit


[2017-05-25 11:46:18] Traceback (most recent call last):
  File "v8function_handler.pyx", line 42, in cefpython_py27.V8FunctionHandler_Execute (cefpython_py27.cpp:97682)
  File "d:\Java\Fontes\KillBills\AppCheque\viewApp.py", line 37, in sairApp
    sys.exit()
SystemExit


[2017-05-25 11:51:46] Traceback (most recent call last):
  File "v8function_handler.pyx", line 42, in cefpython_py27.V8FunctionHandler_Execute (cefpython_py27.cpp:97682)
  File "d:\Java\Fontes\KillBills\AppCheque\viewApp.py", line 37, in sairApp
    sys.exit()
SystemExit


[2017-05-25 11:53:03] Traceback (most recent call last):
  File "v8function_handler.pyx", line 42, in cefpython_py27.V8FunctionHandler_Execute (cefpython_py27.cpp:97682)
  File "d:\Java\Fontes\KillBills\AppCheque\viewApp.py", line 37, in sairApp
    sys.exit()
SystemExit


[2017-05-25 14:09:42] Traceback (most recent call last):
  File "v8function_handler.pyx", line 42, in cefpython_py27.V8FunctionHandler_Execute (cefpython_py27.cpp:97682)
  File "d:\Java\Fontes\KillBills\AppCheque\viewApp.py", line 37, in sairApp
    sys.exit()
SystemExit


[2017-05-25 14:13:20] Traceback (most recent call last):
  File "v8function_handler.pyx", line 42, in cefpython_py27.V8FunctionHandler_Execute (cefpython_py27.cpp:97682)
  File "d:\Java\Fontes\KillBills\AppCheque\viewApp.py", line 37, in sairApp
    sys.exit()
SystemExit


[2017-05-25 14:24:30] Traceback (most recent call last):
  File "v8function_handler.pyx", line 42, in cefpython_py27.V8FunctionHandler_Execute (cefpython_py27.cpp:97682)
  File "d:\Java\Fontes\KillBills\AppCheque\viewApp.py", line 37, in sairApp
    sys.exit()
SystemExit


[2017-05-25 14:24:37] Traceback (most recent call last):
  File "v8function_handler.pyx", line 42, in cefpython_py27.V8FunctionHandler_Execute (cefpython_py27.cpp:97682)
  File "d:\Java\Fontes\KillBills\AppCheque\viewApp.py", line 37, in sairApp
    sys.exit()
SystemExit


[2017-05-25 14:24:49] Traceback (most recent call last):
  File "v8function_handler.pyx", line 42, in cefpython_py27.V8FunctionHandler_Execute (cefpython_py27.cpp:97682)
  File "d:\Java\Fontes\KillBills\AppCheque\viewApp.py", line 37, in sairApp
    sys.exit()
SystemExit


[2017-05-25 14:25:15] Traceback (most recent call last):
  File "v8function_handler.pyx", line 42, in cefpython_py27.V8FunctionHandler_Execute (cefpython_py27.cpp:97682)
  File "d:\Java\Fontes\KillBills\AppCheque\viewApp.py", line 37, in sairApp
    sys.exit()
SystemExit


[2017-05-25 14:25:41] Traceback (most recent call last):
  File "v8function_handler.pyx", line 42, in cefpython_py27.V8FunctionHandler_Execute (cefpython_py27.cpp:97682)
  File "d:\Java\Fontes\KillBills\AppCheque\viewApp.py", line 37, in sairApp
    sys.exit()
SystemExit


[2017-05-25 14:33:24] Traceback (most recent call last):
  File "v8function_handler.pyx", line 42, in cefpython_py27.V8FunctionHandler_Execute (cefpython_py27.cpp:97682)
  File "d:\Java\Fontes\KillBills\AppCheque\viewApp.py", line 37, in sairApp
    sys.exit()
SystemExit


[2017-05-25 14:33:51] Traceback (most recent call last):
  File "v8function_handler.pyx", line 42, in cefpython_py27.V8FunctionHandler_Execute (cefpython_py27.cpp:97682)
  File "d:\Java\Fontes\KillBills\AppCheque\viewApp.py", line 37, in sairApp
    sys.exit()
SystemExit


[2017-05-25 14:34:41] Traceback (most recent call last):
  File "v8function_handler.pyx", line 42, in cefpython_py27.V8FunctionHandler_Execute (cefpython_py27.cpp:97682)
  File "d:\Java\Fontes\KillBills\AppCheque\viewApp.py", line 37, in sairApp
    sys.exit()
SystemExit


[2017-05-25 14:35:22] Traceback (most recent call last):
  File "v8function_handler.pyx", line 42, in cefpython_py27.V8FunctionHandler_Execute (cefpython_py27.cpp:97682)
  File "d:\Java\Fontes\KillBills\AppCheque\viewApp.py", line 37, in sairApp
    sys.exit()
SystemExit


[2017-05-25 14:36:08] Traceback (most recent call last):
  File "v8function_handler.pyx", line 42, in cefpython_py27.V8FunctionHandler_Execute (cefpython_py27.cpp:97682)
  File "d:\Java\Fontes\KillBills\AppCheque\viewApp.py", line 37, in sairApp
    sys.exit()
SystemExit


[2017-05-25 14:51:53] Traceback (most recent call last):
  File "v8function_handler.pyx", line 42, in cefpython_py27.V8FunctionHandler_Execute (cefpython_py27.cpp:97682)
  File "d:\Java\Fontes\KillBills\AppCheque\viewApp.py", line 37, in sairApp
    sys.exit()
SystemExit


[2017-05-25 14:53:12] Traceback (most recent call last):
  File "v8function_handler.pyx", line 42, in cefpython_py27.V8FunctionHandler_Execute (cefpython_py27.cpp:97682)
  File "d:\Java\Fontes\KillBills\AppCheque\viewApp.py", line 37, in sairApp
    sys.exit()
SystemExit


[2017-05-25 14:53:39] Traceback (most recent call last):
  File "v8function_handler.pyx", line 42, in cefpython_py27.V8FunctionHandler_Execute (cefpython_py27.cpp:97682)
  File "d:\Java\Fontes\KillBills\AppCheque\viewApp.py", line 37, in sairApp
    sys.exit()
SystemExit


[2017-05-25 14:53:48] Traceback (most recent call last):
  File "v8function_handler.pyx", line 42, in cefpython_py27.V8FunctionHandler_Execute (cefpython_py27.cpp:97682)
  File "d:\Java\Fontes\KillBills\AppCheque\viewApp.py", line 37, in sairApp
    sys.exit()
SystemExit


[2017-05-25 14:54:48] Traceback (most recent call last):
  File "v8function_handler.pyx", line 42, in cefpython_py27.V8FunctionHandler_Execute (cefpython_py27.cpp:97682)
  File "d:\Java\Fontes\KillBills\AppCheque\viewApp.py", line 37, in sairApp
    sys.exit()
SystemExit


[2017-05-25 14:55:10] Traceback (most recent call last):
  File "v8function_handler.pyx", line 42, in cefpython_py27.V8FunctionHandler_Execute (cefpython_py27.cpp:97682)
  File "d:\Java\Fontes\KillBills\AppCheque\viewApp.py", line 37, in sairApp
    sys.exit()
SystemExit


[2017-05-25 14:56:02] Traceback (most recent call last):
  File "v8function_handler.pyx", line 42, in cefpython_py27.V8FunctionHandler_Execute (cefpython_py27.cpp:97682)
  File "d:\Java\Fontes\KillBills\AppCheque\viewApp.py", line 37, in sairApp
    sys.exit()
SystemExit


[2017-05-25 14:56:19] Traceback (most recent call last):
  File "v8function_handler.pyx", line 42, in cefpython_py27.V8FunctionHandler_Execute (cefpython_py27.cpp:97682)
  File "d:\Java\Fontes\KillBills\AppCheque\viewApp.py", line 37, in sairApp
    sys.exit()
SystemExit


[2017-05-25 14:57:48] Traceback (most recent call last):
  File "v8function_handler.pyx", line 42, in cefpython_py27.V8FunctionHandler_Execute (cefpython_py27.cpp:97682)
  File "d:\Java\Fontes\KillBills\AppCheque\viewApp.py", line 37, in sairApp
    sys.exit()
SystemExit


[2017-05-25 14:58:07] Traceback (most recent call last):
  File "v8function_handler.pyx", line 42, in cefpython_py27.V8FunctionHandler_Execute (cefpython_py27.cpp:97682)
  File "d:\Java\Fontes\KillBills\AppCheque\viewApp.py", line 37, in sairApp
    sys.exit()
SystemExit


[2017-05-25 14:59:31] Traceback (most recent call last):
  File "v8function_handler.pyx", line 42, in cefpython_py27.V8FunctionHandler_Execute (cefpython_py27.cpp:97682)
  File "d:\Java\Fontes\KillBills\AppCheque\viewApp.py", line 37, in sairApp
    sys.exit()
SystemExit


[2017-05-25 14:59:41] Traceback (most recent call last):
  File "v8function_handler.pyx", line 42, in cefpython_py27.V8FunctionHandler_Execute (cefpython_py27.cpp:97682)
  File "d:\Java\Fontes\KillBills\AppCheque\viewApp.py", line 37, in sairApp
    sys.exit()
SystemExit


[2017-05-25 15:00:56] Traceback (most recent call last):
  File "v8function_handler.pyx", line 42, in cefpython_py27.V8FunctionHandler_Execute (cefpython_py27.cpp:97682)
  File "d:\Java\Fontes\KillBills\AppCheque\viewApp.py", line 37, in sairApp
    sys.exit()
SystemExit


[2017-05-25 15:01:08] Traceback (most recent call last):
  File "v8function_handler.pyx", line 42, in cefpython_py27.V8FunctionHandler_Execute (cefpython_py27.cpp:97682)
  File "d:\Java\Fontes\KillBills\AppCheque\viewApp.py", line 37, in sairApp
    sys.exit()
SystemExit


[2017-05-25 15:01:23] Traceback (most recent call last):
  File "v8function_handler.pyx", line 42, in cefpython_py27.V8FunctionHandler_Execute (cefpython_py27.cpp:97682)
  File "d:\Java\Fontes\KillBills\AppCheque\viewApp.py", line 37, in sairApp
    sys.exit()
SystemExit


[2017-05-25 15:01:38] Traceback (most recent call last):
  File "v8function_handler.pyx", line 42, in cefpython_py27.V8FunctionHandler_Execute (cefpython_py27.cpp:97682)
  File "d:\Java\Fontes\KillBills\AppCheque\viewApp.py", line 37, in sairApp
    sys.exit()
SystemExit


[2017-05-25 15:02:24] Traceback (most recent call last):
  File "v8function_handler.pyx", line 42, in cefpython_py27.V8FunctionHandler_Execute (cefpython_py27.cpp:97682)
  File "d:\Java\Fontes\KillBills\AppCheque\viewApp.py", line 37, in sairApp
    sys.exit()
SystemExit


[2017-05-25 15:02:37] Traceback (most recent call last):
  File "v8function_handler.pyx", line 42, in cefpython_py27.V8FunctionHandler_Execute (cefpython_py27.cpp:97682)
  File "d:\Java\Fontes\KillBills\AppCheque\viewApp.py", line 37, in sairApp
    sys.exit()
SystemExit


[2017-05-25 15:02:49] Traceback (most recent call last):
  File "v8function_handler.pyx", line 42, in cefpython_py27.V8FunctionHandler_Execute (cefpython_py27.cpp:97682)
  File "d:\Java\Fontes\KillBills\AppCheque\viewApp.py", line 37, in sairApp
    sys.exit()
SystemExit


[2017-05-25 15:03:17] Traceback (most recent call last):
  File "v8function_handler.pyx", line 42, in cefpython_py27.V8FunctionHandler_Execute (cefpython_py27.cpp:97682)
  File "d:\Java\Fontes\KillBills\AppCheque\viewApp.py", line 37, in sairApp
    sys.exit()
SystemExit


[2017-05-25 15:03:59] Traceback (most recent call last):
  File "v8function_handler.pyx", line 42, in cefpython_py27.V8FunctionHandler_Execute (cefpython_py27.cpp:97682)
  File "d:\Java\Fontes\KillBills\AppCheque\viewApp.py", line 37, in sairApp
    sys.exit()
SystemExit


[2017-05-25 15:04:16] Traceback (most recent call last):
  File "v8function_handler.pyx", line 42, in cefpython_py27.V8FunctionHandler_Execute (cefpython_py27.cpp:97682)
  File "d:\Java\Fontes\KillBills\AppCheque\viewApp.py", line 37, in sairApp
    sys.exit()
SystemExit


[2017-05-25 15:05:19] Traceback (most recent call last):
  File "v8function_handler.pyx", line 42, in cefpython_py27.V8FunctionHandler_Execute (cefpython_py27.cpp:97682)
  File "d:\Java\Fontes\KillBills\AppCheque\viewApp.py", line 37, in sairApp
    sys.exit()
SystemExit


[2017-05-25 15:06:54] Traceback (most recent call last):
  File "v8function_handler.pyx", line 42, in cefpython_py27.V8FunctionHandler_Execute (cefpython_py27.cpp:97682)
  File "d:\Java\Fontes\KillBills\AppCheque\viewApp.py", line 37, in sairApp
    sys.exit()
SystemExit


[2017-05-25 15:11:25] Traceback (most recent call last):
  File "v8function_handler.pyx", line 42, in cefpython_py27.V8FunctionHandler_Execute (cefpython_py27.cpp:97682)
  File "d:\Java\Fontes\KillBills\AppCheque\viewApp.py", line 37, in sairApp
    sys.exit()
SystemExit


[2017-05-25 15:11:37] Traceback (most recent call last):
  File "v8function_handler.pyx", line 42, in cefpython_py27.V8FunctionHandler_Execute (cefpython_py27.cpp:97682)
  File "d:\Java\Fontes\KillBills\AppCheque\viewApp.py", line 37, in sairApp
    sys.exit()
SystemExit


[2017-05-25 15:16:36] Traceback (most recent call last):
  File "v8function_handler.pyx", line 42, in cefpython_py27.V8FunctionHandler_Execute (cefpython_py27.cpp:97682)
  File "d:\Java\Fontes\KillBills\AppCheque\viewApp.py", line 37, in sairApp
    sys.exit()
SystemExit


[2017-05-25 15:20:29] Traceback (most recent call last):
  File "v8function_handler.pyx", line 42, in cefpython_py27.V8FunctionHandler_Execute (cefpython_py27.cpp:97682)
  File "d:\Java\Fontes\KillBills\AppCheque\viewApp.py", line 37, in sairApp
    sys.exit()
SystemExit


[2017-05-25 15:21:52] Traceback (most recent call last):
  File "v8function_handler.pyx", line 42, in cefpython_py27.V8FunctionHandler_Execute (cefpython_py27.cpp:97682)
  File "d:\Java\Fontes\KillBills\AppCheque\viewApp.py", line 37, in sairApp
    sys.exit()
SystemExit


[2017-05-25 15:23:13] Traceback (most recent call last):
  File "v8function_handler.pyx", line 42, in cefpython_py27.V8FunctionHandler_Execute (cefpython_py27.cpp:97682)
  File "d:\Java\Fontes\KillBills\AppCheque\viewApp.py", line 37, in sairApp
    sys.exit()
SystemExit


[2017-05-25 15:23:51] Traceback (most recent call last):
  File "v8function_handler.pyx", line 42, in cefpython_py27.V8FunctionHandler_Execute (cefpython_py27.cpp:97682)
  File "d:\Java\Fontes\KillBills\AppCheque\viewApp.py", line 37, in sairApp
    sys.exit()
SystemExit


[2017-05-25 15:24:36] Traceback (most recent call last):
  File "v8function_handler.pyx", line 42, in cefpython_py27.V8FunctionHandler_Execute (cefpython_py27.cpp:97682)
  File "d:\Java\Fontes\KillBills\AppCheque\viewApp.py", line 37, in sairApp
    sys.exit()
SystemExit


[2017-05-25 16:22:37] Traceback (most recent call last):
  File "v8function_handler.pyx", line 42, in cefpython_py27.V8FunctionHandler_Execute (cefpython_py27.cpp:97682)
  File "d:\Java\Fontes\KillBills\AppCheque\viewApp.py", line 37, in sairApp
    sys.exit()
SystemExit


[2017-05-25 16:36:27] Traceback (most recent call last):
  File "v8function_handler.pyx", line 42, in cefpython_py27.V8FunctionHandler_Execute (cefpython_py27.cpp:97682)
  File "d:\Java\Fontes\KillBills\AppCheque\viewApp.py", line 37, in sairApp
    sys.exit()
SystemExit


[2017-05-25 16:38:53] Traceback (most recent call last):
  File "v8function_handler.pyx", line 42, in cefpython_py27.V8FunctionHandler_Execute (cefpython_py27.cpp:97682)
  File "d:\Java\Fontes\KillBills\AppCheque\viewApp.py", line 37, in sairApp
    sys.exit()
SystemExit


[2017-05-25 16:40:12] Traceback (most recent call last):
  File "v8function_handler.pyx", line 42, in cefpython_py27.V8FunctionHandler_Execute (cefpython_py27.cpp:97682)
  File "d:\Java\Fontes\KillBills\AppCheque\viewApp.py", line 37, in sairApp
    sys.exit()
SystemExit


[2017-05-25 16:41:03] Traceback (most recent call last):
  File "v8function_handler.pyx", line 42, in cefpython_py27.V8FunctionHandler_Execute (cefpython_py27.cpp:97682)
  File "d:\Java\Fontes\KillBills\AppCheque\viewApp.py", line 37, in sairApp
    sys.exit()
SystemExit


[2017-05-25 16:46:05] Traceback (most recent call last):
  File "v8function_handler.pyx", line 42, in cefpython_py27.V8FunctionHandler_Execute (cefpython_py27.cpp:97682)
  File "d:\Java\Fontes\KillBills\AppCheque\viewApp.py", line 37, in sairApp
    sys.exit()
SystemExit


[2017-05-25 16:46:16] Traceback (most recent call last):
  File "v8function_handler.pyx", line 42, in cefpython_py27.V8FunctionHandler_Execute (cefpython_py27.cpp:97682)
  File "d:\Java\Fontes\KillBills\AppCheque\viewApp.py", line 37, in sairApp
    sys.exit()
SystemExit


[2017-05-25 16:53:25] Traceback (most recent call last):
  File "v8function_handler.pyx", line 42, in cefpython_py27.V8FunctionHandler_Execute (cefpython_py27.cpp:97682)
  File "d:\Java\Fontes\KillBills\AppCheque\viewApp.py", line 37, in sairApp
    sys.exit()
SystemExit


[2017-05-25 16:54:56] Traceback (most recent call last):
  File "v8function_handler.pyx", line 42, in cefpython_py27.V8FunctionHandler_Execute (cefpython_py27.cpp:97682)
  File "d:\Java\Fontes\KillBills\AppCheque\viewApp.py", line 37, in sairApp
    sys.exit()
SystemExit


[2017-05-26 08:24:44] Traceback (most recent call last):
  File "v8function_handler.pyx", line 42, in cefpython_py27.V8FunctionHandler_Execute (cefpython_py27.cpp:97682)
  File "d:\Java\Fontes\KillBills\AppCheque\viewApp.py", line 37, in sairApp
    sys.exit()
SystemExit


[2017-05-26 09:41:15] Traceback (most recent call last):
  File "v8function_handler.pyx", line 42, in cefpython_py27.V8FunctionHandler_Execute (cefpython_py27.cpp:97682)
  File "d:\Java\Fontes\KillBills\AppCheque\viewApp.py", line 37, in sairApp
    sys.exit()
SystemExit

