INFO:root:Started - 05/24/17 14:58:32
INFO:root:Shutdown - 05/24/17 14:58:41
INFO:root:Started - 05/24/17 16:49:35
INFO:root:Shutdown - 05/24/17 16:50:13
INFO:root:Started - 05/24/17 16:57:23
INFO:root:Shutdown - 05/24/17 16:59:16
INFO:root:Started - 05/25/17 11:30:50
INFO:root:Shutdown - 05/25/17 11:31:01
INFO:root:Started - 05/25/17 11:37:06
ERROR:root:Traceback (most recent call last):
  File "d:\Java\Fontes\KillBills\AppCheque\servidor.py", line 76, in do_POST
    imprimirCheques(json.loads(self.data_string)['ids'])
  File "D:\Java\Python27\lib\json\__init__.py", line 339, in loads
    return _default_decoder.decode(s)
  File "D:\Java\Python27\lib\json\decoder.py", line 364, in decode
    obj, end = self.raw_decode(s, idx=_w(s, 0).end())
  File "D:\Java\Python27\lib\json\decoder.py", line 382, in raw_decode
    raise ValueError("No JSON object could be decoded")
ValueError: No JSON object could be decoded

INFO:root:Shutdown - 05/25/17 11:39:35
INFO:root:Started - 05/25/17 11:39:37
ERROR:root:Traceback (most recent call last):
  File "d:\Java\Fontes\KillBills\AppCheque\servidor.py", line 76, in do_POST
    self.jsonImpressao = json.loads(self.data_string)
  File "D:\Java\Python27\lib\json\__init__.py", line 339, in loads
    return _default_decoder.decode(s)
  File "D:\Java\Python27\lib\json\decoder.py", line 364, in decode
    obj, end = self.raw_decode(s, idx=_w(s, 0).end())
  File "D:\Java\Python27\lib\json\decoder.py", line 382, in raw_decode
    raise ValueError("No JSON object could be decoded")
ValueError: No JSON object could be decoded

INFO:root:Shutdown - 05/25/17 11:40:09
INFO:root:Started - 05/25/17 11:40:10
ERROR:root:Traceback (most recent call last):
  File "d:\Java\Fontes\KillBills\AppCheque\servidor.py", line 76, in do_POST
    self.jsonImpressao = json.loads(self.data_string)
  File "D:\Java\Python27\lib\json\__init__.py", line 339, in loads
    return _default_decoder.decode(s)
  File "D:\Java\Python27\lib\json\decoder.py", line 364, in decode
    obj, end = self.raw_decode(s, idx=_w(s, 0).end())
  File "D:\Java\Python27\lib\json\decoder.py", line 382, in raw_decode
    raise ValueError("No JSON object could be decoded")
ValueError: No JSON object could be decoded

INFO:root:Shutdown - 05/25/17 11:40:21
INFO:root:Started - 05/25/17 11:40:33
ERROR:root:Traceback (most recent call last):
  File "d:\Java\Fontes\KillBills\AppCheque\servidor.py", line 76, in do_POST
    self.jsonImpressao = json.loads(self.data_string)
  File "D:\Java\Python27\lib\json\__init__.py", line 339, in loads
    return _default_decoder.decode(s)
  File "D:\Java\Python27\lib\json\decoder.py", line 364, in decode
    obj, end = self.raw_decode(s, idx=_w(s, 0).end())
  File "D:\Java\Python27\lib\json\decoder.py", line 382, in raw_decode
    raise ValueError("No JSON object could be decoded")
ValueError: No JSON object could be decoded

INFO:root:Shutdown - 05/25/17 11:40:51
INFO:root:Started - 05/25/17 11:41:39
ERROR:root:Traceback (most recent call last):
  File "d:\Java\Fontes\KillBills\AppCheque\servidor.py", line 76, in do_POST
    imprimirCheques(json.loads(self.data_string)['ids'])
  File "D:\Java\Python27\lib\json\__init__.py", line 339, in loads
    return _default_decoder.decode(s)
  File "D:\Java\Python27\lib\json\decoder.py", line 364, in decode
    obj, end = self.raw_decode(s, idx=_w(s, 0).end())
  File "D:\Java\Python27\lib\json\decoder.py", line 382, in raw_decode
    raise ValueError("No JSON object could be decoded")
ValueError: No JSON object could be decoded

ERROR:root:Traceback (most recent call last):
  File "d:\Java\Fontes\KillBills\AppCheque\servidor.py", line 76, in do_POST
    imprimirCheques(json.loads(self.data_string)['ids'])
  File "D:\Java\Python27\lib\json\__init__.py", line 339, in loads
    return _default_decoder.decode(s)
  File "D:\Java\Python27\lib\json\decoder.py", line 364, in decode
    obj, end = self.raw_decode(s, idx=_w(s, 0).end())
  File "D:\Java\Python27\lib\json\decoder.py", line 382, in raw_decode
    raise ValueError("No JSON object could be decoded")
ValueError: No JSON object could be decoded

INFO:root:Shutdown - 05/25/17 11:41:50
INFO:root:Started - 05/25/17 11:42:57
WARNING:root:A impressora de cheque nao esta habilitada. Verifique as configuracoes e tente novamente.
WARNING:root:A impressora de cheque nao esta habilitada. Verifique as configuracoes e tente novamente.
INFO:root:Shutdown - 05/25/17 11:43:08
INFO:root:Started - 05/25/17 11:44:15
WARNING:root:A impressora de cheque nao esta habilitada. Verifique as configuracoes e tente novamente.
INFO:root:Impressora CheckPronto na porta COM1
INFO:root:Configurando porta serial...
INFO:root:Serial<id=0x778f570, open=False>(port=u'COM1', baudrate=9600, bytesize=8, parity='N', stopbits=1, timeout=None, xonxoff=False, rtscts=False, dsrdtr=False)
INFO:root:Iniciando impressao cheque...
INFO:root:Impressora CheckPronto na porta COM1
INFO:root:Configurando porta serial...
INFO:root:Serial<id=0x778f2b0, open=False>(port=u'COM1', baudrate=9600, bytesize=8, parity='N', stopbits=1, timeout=None, xonxoff=False, rtscts=False, dsrdtr=False)
INFO:root:Iniciando impressao cheque...
INFO:root:Impressora CheckPronto na porta COM1
INFO:root:Configurando porta serial...
INFO:root:Serial<id=0x778f070, open=False>(port=u'COM1', baudrate=9600, bytesize=8, parity='N', stopbits=1, timeout=None, xonxoff=False, rtscts=False, dsrdtr=False)
INFO:root:Iniciando impressao cheque...
INFO:root:Impressora CheckPronto na porta COM1
INFO:root:Configurando porta serial...
INFO:root:Serial<id=0x778ff30, open=False>(port=u'COM1', baudrate=9600, bytesize=8, parity='N', stopbits=1, timeout=None, xonxoff=False, rtscts=False, dsrdtr=False)
INFO:root:Iniciando impressao cheque...
INFO:root:Impressora CheckPronto na porta COM1
INFO:root:Configurando porta serial...
INFO:root:Serial<id=0x778fc90, open=False>(port=u'COM1', baudrate=9600, bytesize=8, parity='N', stopbits=1, timeout=None, xonxoff=False, rtscts=False, dsrdtr=False)
INFO:root:Iniciando impressao cheque...
INFO:root:Impressora CheckPronto na porta COM1
INFO:root:Configurando porta serial...
INFO:root:Serial<id=0x778ff30, open=False>(port=u'COM1', baudrate=9600, bytesize=8, parity='N', stopbits=1, timeout=None, xonxoff=False, rtscts=False, dsrdtr=False)
INFO:root:Iniciando impressao cheque...
INFO:root:Impressora CheckPronto na porta COM1
INFO:root:Configurando porta serial...
INFO:root:Serial<id=0x778ffb0, open=False>(port=u'COM1', baudrate=9600, bytesize=8, parity='N', stopbits=1, timeout=None, xonxoff=False, rtscts=False, dsrdtr=False)
INFO:root:Iniciando impressao cheque...
INFO:root:Impressora CheckPronto na porta COM1
INFO:root:Configurando porta serial...
INFO:root:Serial<id=0x778f970, open=False>(port=u'COM1', baudrate=9600, bytesize=8, parity='N', stopbits=1, timeout=None, xonxoff=False, rtscts=False, dsrdtr=False)
INFO:root:Iniciando impressao cheque...
INFO:root:Impressora CheckPronto na porta COM1
INFO:root:Configurando porta serial...
INFO:root:Serial<id=0x778fc50, open=False>(port=u'COM1', baudrate=9600, bytesize=8, parity='N', stopbits=1, timeout=None, xonxoff=False, rtscts=False, dsrdtr=False)
INFO:root:Iniciando impressao cheque...
INFO:root:Shutdown - 05/25/17 11:46:18
INFO:root:Started - 05/25/17 11:48:37
INFO:root:Shutdown - 05/25/17 11:51:46
INFO:root:Started - 05/25/17 11:52:49
INFO:root:Abrindo porta LPT1 impressora matricial...
INFO:root:<open file u'LPT1', mode 'w' at 0x07641C80>
INFO:root:Fechando porta LPT1 impressora matricial...
INFO:root:Abrindo porta LPT1 impressora matricial...
INFO:root:<open file u'LPT1', mode 'w' at 0x07641C80>
INFO:root:Fechando porta LPT1 impressora matricial...
INFO:root:Abrindo porta LPT1 impressora matricial...
INFO:root:<open file u'LPT1', mode 'w' at 0x07641C80>
INFO:root:Fechando porta LPT1 impressora matricial...
INFO:root:Shutdown - 05/25/17 11:53:03
INFO:root:Started - 05/25/17 14:09:18
INFO:root:Shutdown - 05/25/17 14:09:41
INFO:root:Started - 05/25/17 14:10:33
INFO:root:Shutdown - 05/25/17 14:13:20
INFO:root:Started - 05/25/17 14:13:22
INFO:root:Shutdown - 05/25/17 14:24:30
INFO:root:Started - 05/25/17 14:24:32
INFO:root:Shutdown - 05/25/17 14:24:36
INFO:root:Started - 05/25/17 14:24:45
INFO:root:Shutdown - 05/25/17 14:24:48
INFO:root:Started - 05/25/17 14:25:11
INFO:root:Shutdown - 05/25/17 14:25:15
INFO:root:Started - 05/25/17 14:25:37
INFO:root:Shutdown - 05/25/17 14:25:41
INFO:root:Started - 05/25/17 14:33:05
INFO:root:Shutdown - 05/25/17 14:33:23
INFO:root:Started - 05/25/17 14:33:36
INFO:root:Shutdown - 05/25/17 14:33:51
INFO:root:Started - 05/25/17 14:34:26
INFO:root:Shutdown - 05/25/17 14:34:40
INFO:root:Started - 05/25/17 14:35:08
INFO:root:Shutdown - 05/25/17 14:35:21
INFO:root:Started - 05/25/17 14:35:31
INFO:root:Shutdown - 05/25/17 14:36:08
INFO:root:Started - 05/25/17 14:47:37
INFO:root:Shutdown - 05/25/17 14:51:52
INFO:root:Started - 05/25/17 14:53:05
INFO:root:Shutdown - 05/25/17 14:53:12
INFO:root:Started - 05/25/17 14:53:36
INFO:root:Shutdown - 05/25/17 14:53:38
INFO:root:Started - 05/25/17 14:53:44
INFO:root:Shutdown - 05/25/17 14:53:47
INFO:root:Started - 05/25/17 14:54:44
INFO:root:Shutdown - 05/25/17 14:54:48
INFO:root:Started - 05/25/17 14:55:07
INFO:root:Shutdown - 05/25/17 14:55:10
INFO:root:Started - 05/25/17 14:55:58
INFO:root:Shutdown - 05/25/17 14:56:01
INFO:root:Started - 05/25/17 14:56:17
INFO:root:Shutdown - 05/25/17 14:56:19
INFO:root:Started - 05/25/17 14:57:39
INFO:root:Shutdown - 05/25/17 14:57:48
INFO:root:Started - 05/25/17 14:58:03
INFO:root:Shutdown - 05/25/17 14:58:06
INFO:root:Started - 05/25/17 14:59:17
INFO:root:Shutdown - 05/25/17 14:59:30
INFO:root:Started - 05/25/17 14:59:32
INFO:root:Shutdown - 05/25/17 14:59:41
INFO:root:Started - 05/25/17 15:00:52
INFO:root:Shutdown - 05/25/17 15:00:56
INFO:root:Started - 05/25/17 15:01:04
INFO:root:Shutdown - 05/25/17 15:01:07
INFO:root:Started - 05/25/17 15:01:19
INFO:root:Shutdown - 05/25/17 15:01:22
INFO:root:Started - 05/25/17 15:01:33
INFO:root:Shutdown - 05/25/17 15:01:38
INFO:root:Started - 05/25/17 15:02:21
INFO:root:Shutdown - 05/25/17 15:02:24
INFO:root:Started - 05/25/17 15:02:34
INFO:root:Shutdown - 05/25/17 15:02:36
INFO:root:Started - 05/25/17 15:02:44
INFO:root:Shutdown - 05/25/17 15:02:49
INFO:root:Started - 05/25/17 15:03:14
INFO:root:Shutdown - 05/25/17 15:03:16
INFO:root:Started - 05/25/17 15:03:56
INFO:root:Shutdown - 05/25/17 15:03:59
INFO:root:Started - 05/25/17 15:04:13
INFO:root:Shutdown - 05/25/17 15:04:16
INFO:root:Started - 05/25/17 15:05:05
INFO:root:Shutdown - 05/25/17 15:05:19
INFO:root:Started - 05/25/17 15:05:43
WARNING:root:A URL de acesso ao Sienge pode estar incorreda. Verifique as configuracoes de acesso ao Sienge e tente novamente.
INFO:root:Shutdown - 05/25/17 15:06:54
INFO:root:Started - 05/25/17 15:09:51
ERROR:root:Traceback (most recent call last):
  File "d:\Java\Fontes\KillBills\AppCheque\servidor.py", line 77, in do_POST
    imprimirCheques(jsonImpressao['ids'], jsonImpressao['copia'], jsonImpressao['verso'])
  File "d:\Java\Fontes\KillBills\AppCheque\controleImpressao.py", line 66, in imprimirCheques
    validaMatrizImpressao(matrizImpressao, cheque, verso, copia)
  File "d:\Java\Fontes\KillBills\AppCheque\controleImpressao.py", line 75, in validaMatrizImpressao
    print(base64.b64decode(matrizCheque))
NameError: global name 'matrizCheque' is not defined

ERROR:root:Traceback (most recent call last):
  File "d:\Java\Fontes\KillBills\AppCheque\servidor.py", line 77, in do_POST
    imprimirCheques(jsonImpressao['ids'], jsonImpressao['copia'], jsonImpressao['verso'])
  File "d:\Java\Fontes\KillBills\AppCheque\controleImpressao.py", line 66, in imprimirCheques
    validaMatrizImpressao(matrizImpressao, cheque, verso, copia)
  File "d:\Java\Fontes\KillBills\AppCheque\controleImpressao.py", line 75, in validaMatrizImpressao
    print(base64.b64decode(matrizCheque))
NameError: global name 'matrizCheque' is not defined

ERROR:root:Traceback (most recent call last):
  File "d:\Java\Fontes\KillBills\AppCheque\servidor.py", line 77, in do_POST
    imprimirCheques(jsonImpressao['ids'], jsonImpressao['copia'], jsonImpressao['verso'])
  File "d:\Java\Fontes\KillBills\AppCheque\controleImpressao.py", line 66, in imprimirCheques
    validaMatrizImpressao(matrizImpressao, cheque, verso, copia)
  File "d:\Java\Fontes\KillBills\AppCheque\controleImpressao.py", line 75, in validaMatrizImpressao
    print(base64.b64decode(matrizCheque))
NameError: global name 'matrizCheque' is not defined

INFO:root:Shutdown - 05/25/17 15:11:24
INFO:root:Started - 05/25/17 15:11:26
ERROR:root:Traceback (most recent call last):
  File "d:\Java\Fontes\KillBills\AppCheque\servidor.py", line 78, in do_POST
    imprimirCheques(jsonImpressao['ids'], jsonImpressao['copia'], jsonImpressao['verso'])
  File "d:\Java\Fontes\KillBills\AppCheque\controleImpressao.py", line 66, in imprimirCheques
    validaMatrizImpressao(matrizImpressao, cheque, verso, copia)
  File "d:\Java\Fontes\KillBills\AppCheque\controleImpressao.py", line 75, in validaMatrizImpressao
    print(base64.b64decode(matrizCheque))
NameError: global name 'matrizCheque' is not defined

ERROR:root:Traceback (most recent call last):
  File "d:\Java\Fontes\KillBills\AppCheque\servidor.py", line 78, in do_POST
    imprimirCheques(jsonImpressao['ids'], jsonImpressao['copia'], jsonImpressao['verso'])
  File "d:\Java\Fontes\KillBills\AppCheque\controleImpressao.py", line 66, in imprimirCheques
    validaMatrizImpressao(matrizImpressao, cheque, verso, copia)
  File "d:\Java\Fontes\KillBills\AppCheque\controleImpressao.py", line 75, in validaMatrizImpressao
    print(base64.b64decode(matrizCheque))
NameError: global name 'matrizCheque' is not defined

INFO:root:Shutdown - 05/25/17 15:11:37
INFO:root:Started - 05/25/17 15:15:41
ERROR:root:Traceback (most recent call last):
  File "d:\Java\Fontes\KillBills\AppCheque\servidor.py", line 77, in do_POST
    imprimirCheques(jsonImpressao['ids'], jsonImpressao['copia'], jsonImpressao['verso'])
  File "d:\Java\Fontes\KillBills\AppCheque\controleImpressao.py", line 44, in imprimirCheques
    validaConfiguracaoImpressora(armazenamentoJsonCheques.cheques, ids)
  File "d:\Java\Fontes\KillBills\AppCheque\controleImpressao.py", line 76, in validaConfiguracaoImpressora
    if not configuracao.matricial['porta']:
NameError: global name 'configuracao' is not defined

INFO:root:Shutdown - 05/25/17 15:16:35
INFO:root:Started - 05/25/17 15:17:10
WARNING:root:A impressora matricial nao esta habilitada. Verifique as configuracoes e tente novamente.
WARNING:root:A impressora matricial nao esta habilitada. Verifique as configuracoes e tente novamente.
WARNING:root:A impressora matricial nao esta habilitada. Verifique as configuracoes e tente novamente.
INFO:root:Abrindo porta LPT1 impressora matricial...
INFO:root:<open file u'LPT1', mode 'w' at 0x07121C80>
INFO:root:Fechando porta LPT1 impressora matricial...
INFO:root:Abrindo porta LPT1 impressora matricial...
INFO:root:<open file u'LPT1', mode 'w' at 0x07121C80>
INFO:root:Fechando porta LPT1 impressora matricial...
INFO:root:Abrindo porta LPT1 impressora matricial...
INFO:root:<open file u'LPT1', mode 'w' at 0x07121C80>
INFO:root:Fechando porta LPT1 impressora matricial...
INFO:root:Shutdown - 05/25/17 15:20:29
INFO:root:Started - 05/25/17 15:21:21
ERROR:root:Traceback (most recent call last):
  File "d:\Java\Fontes\KillBills\AppCheque\servidor.py", line 77, in do_POST
    imprimirCheques(jsonImpressao['ids'], jsonImpressao['copia'], jsonImpressao['verso'])
  File "d:\Java\Fontes\KillBills\AppCheque\controleImpressao.py", line 58, in imprimirCheques
    validaMatrizImpressao(matrizImpressao, cheque, verso, copia)
NameError: global name 'validaMatrizImpressao' is not defined

ERROR:root:Traceback (most recent call last):
  File "d:\Java\Fontes\KillBills\AppCheque\servidor.py", line 77, in do_POST
    imprimirCheques(jsonImpressao['ids'], jsonImpressao['copia'], jsonImpressao['verso'])
  File "d:\Java\Fontes\KillBills\AppCheque\controleImpressao.py", line 58, in imprimirCheques
    validaMatrizImpressao(matrizImpressao, cheque, verso, copia)
NameError: global name 'validaMatrizImpressao' is not defined

ERROR:root:Traceback (most recent call last):
  File "d:\Java\Fontes\KillBills\AppCheque\servidor.py", line 77, in do_POST
    imprimirCheques(jsonImpressao['ids'], jsonImpressao['copia'], jsonImpressao['verso'])
  File "d:\Java\Fontes\KillBills\AppCheque\controleImpressao.py", line 58, in imprimirCheques
    validaMatrizImpressao(matrizImpressao, cheque, verso, copia)
NameError: global name 'validaMatrizImpressao' is not defined

ERROR:root:Traceback (most recent call last):
  File "d:\Java\Fontes\KillBills\AppCheque\servidor.py", line 77, in do_POST
    imprimirCheques(jsonImpressao['ids'], jsonImpressao['copia'], jsonImpressao['verso'])
  File "d:\Java\Fontes\KillBills\AppCheque\controleImpressao.py", line 58, in imprimirCheques
    validaMatrizImpressao(matrizImpressao, cheque, verso, copia)
NameError: global name 'validaMatrizImpressao' is not defined

ERROR:root:Traceback (most recent call last):
  File "d:\Java\Fontes\KillBills\AppCheque\servidor.py", line 77, in do_POST
    imprimirCheques(jsonImpressao['ids'], jsonImpressao['copia'], jsonImpressao['verso'])
  File "d:\Java\Fontes\KillBills\AppCheque\controleImpressao.py", line 58, in imprimirCheques
    validaMatrizImpressao(matrizImpressao, cheque, verso, copia)
NameError: global name 'validaMatrizImpressao' is not defined

INFO:root:Shutdown - 05/25/17 15:21:51
INFO:root:Started - 05/25/17 15:22:27
INFO:root:Abrindo porta LPT1 impressora matricial...
INFO:root:<open file u'LPT1', mode 'w' at 0x08032D30>
INFO:root:Fechando porta LPT1 impressora matricial...
INFO:root:Shutdown - 05/25/17 15:23:12
INFO:root:Started - 05/25/17 15:23:14
INFO:root:Abrindo porta LPT1 impressora matricial...
INFO:root:<open file u'LPT1', mode 'w' at 0x076F1C80>
INFO:root:Fechando porta LPT1 impressora matricial...
INFO:root:Shutdown - 05/25/17 15:23:51
INFO:root:Started - 05/25/17 15:23:53
INFO:root:Abrindo porta LPT1 impressora matricial...
INFO:root:<open file u'LPT1', mode 'w' at 0x07657C80>
INFO:root:Fechando porta LPT1 impressora matricial...
INFO:root:Abrindo porta LPT1 impressora matricial...
INFO:root:<open file u'LPT1', mode 'w' at 0x07657C80>
INFO:root:Fechando porta LPT1 impressora matricial...
INFO:root:Abrindo porta LPT1 impressora matricial...
INFO:root:<open file u'LPT1', mode 'w' at 0x07657C80>
INFO:root:Fechando porta LPT1 impressora matricial...
INFO:root:Shutdown - 05/25/17 15:24:35
INFO:root:Started - 05/25/17 16:21:02
ERROR:root:Traceback (most recent call last):
  File "d:\Java\Fontes\KillBills\AppCheque\servidor.py", line 78, in do_POST
    imprimirCheques(jsonImpressao['ids'], jsonImpressao['copia'], jsonImpressao['verso'])
  File "d:\Java\Fontes\KillBills\AppCheque\controleImpressao.py", line 37, in imprimirCheques
    armazenamentoJsonCheques.carregar()
TypeError: unbound method carregar() must be called with ArmanezamentoCheque instance as first argument (got nothing instead)

INFO:root:Shutdown - 05/25/17 16:22:37
INFO:root:Started - 05/25/17 16:23:21
ERROR:root:Traceback (most recent call last):
  File "d:\Java\Fontes\KillBills\AppCheque\servidor.py", line 78, in do_POST
    imprimirCheques(jsonImpressao['ids'], jsonImpressao['copia'], jsonImpressao['verso'])
  File "d:\Java\Fontes\KillBills\AppCheque\controleImpressao.py", line 37, in imprimirCheques
    armazenamentoJsonCheques = ArmanezamentoCheque()
NameError: global name 'ArmanezamentoCheque' is not defined

INFO:root:Shutdown - 05/25/17 16:36:26
INFO:root:Started - 05/25/17 16:38:51
INFO:root:Shutdown - 05/25/17 16:38:53
INFO:root:Started - 05/25/17 16:38:57
ERROR:root:Traceback (most recent call last):
  File "d:\Java\Fontes\KillBills\AppCheque\servidor.py", line 77, in do_POST
    ControleImpressao(jsonImpressao['ids']).imprimirCheques(jsonImpressao['copia'], jsonImpressao['verso'])
  File "d:\Java\Fontes\KillBills\AppCheque\controleImpressao.py", line 20, in __init__
    armazenamentoJsonCheques.carregar()
NameError: global name 'armazenamentoJsonCheques' is not defined

INFO:root:Shutdown - 05/25/17 16:40:11
INFO:root:Started - 05/25/17 16:40:14
INFO:root:Impressora CheckPronto na porta COM1
INFO:root:Configurando porta serial...
INFO:root:Serial<id=0x82df310, open=False>(port=u'COM1', baudrate=9600, bytesize=8, parity='N', stopbits=1, timeout=None, xonxoff=False, rtscts=False, dsrdtr=False)
ERROR:root:Traceback (most recent call last):
  File "d:\Java\Fontes\KillBills\AppCheque\servidor.py", line 77, in do_POST
    ControleImpressao(jsonImpressao['ids']).imprimirCheques(jsonImpressao['copia'], jsonImpressao['verso'])
  File "d:\Java\Fontes\KillBills\AppCheque\controleImpressao.py", line 55, in imprimirCheques
    self.imprimirCheque()
  File "d:\Java\Fontes\KillBills\AppCheque\controleImpressao.py", line 27, in imprimirCheque
    printer.printCheck(self.matrizCheque)
AttributeError: ControleImpressao instance has no attribute 'matrizCheque'

INFO:root:Shutdown - 05/25/17 16:41:02
INFO:root:Started - 05/25/17 16:41:04
INFO:root:Abrindo porta LPT1 impressora matricial...
INFO:root:<open file u'LPT1', mode 'w' at 0x07761D30>
INFO:root:Fechando porta LPT1 impressora matricial...
INFO:root:Impressora CheckPronto na porta COM1
INFO:root:Configurando porta serial...
INFO:root:Serial<id=0x7b4f070, open=False>(port=u'COM1', baudrate=9600, bytesize=8, parity='N', stopbits=1, timeout=None, xonxoff=False, rtscts=False, dsrdtr=False)
INFO:root:Iniciando impressao cheque...
INFO:root:Impressora CheckPronto na porta COM1
INFO:root:Configurando porta serial...
INFO:root:Serial<id=0x7b4f3b0, open=False>(port=u'COM1', baudrate=9600, bytesize=8, parity='N', stopbits=1, timeout=None, xonxoff=False, rtscts=False, dsrdtr=False)
INFO:root:Iniciando impressao cheque...
INFO:root:Impressora CheckPronto na porta COM1
INFO:root:Configurando porta serial...
INFO:root:Serial<id=0x7b4f690, open=False>(port=u'COM1', baudrate=9600, bytesize=8, parity='N', stopbits=1, timeout=None, xonxoff=False, rtscts=False, dsrdtr=False)
INFO:root:Iniciando impressao cheque...
INFO:root:Impressora CheckPronto na porta COM1
INFO:root:Configurando porta serial...
INFO:root:Serial<id=0x7b4f990, open=False>(port=u'COM1', baudrate=9600, bytesize=8, parity='N', stopbits=1, timeout=None, xonxoff=False, rtscts=False, dsrdtr=False)
INFO:root:Iniciando impressao cheque...
INFO:root:Abrindo porta LPT1 impressora matricial...
INFO:root:<open file u'LPT1', mode 'w' at 0x07761D30>
INFO:root:Fechando porta LPT1 impressora matricial...
INFO:root:Abrindo porta LPT1 impressora matricial...
INFO:root:<open file u'LPT1', mode 'w' at 0x07761D30>
INFO:root:Fechando porta LPT1 impressora matricial...
INFO:root:Abrindo porta LPT1 impressora matricial...
INFO:root:<open file u'LPT1', mode 'w' at 0x07761D30>
INFO:root:Fechando porta LPT1 impressora matricial...
INFO:root:Impressora CheckPronto na porta COM1
INFO:root:Configurando porta serial...
INFO:root:Serial<id=0x7b68ab0, open=False>(port=u'COM1', baudrate=9600, bytesize=8, parity='N', stopbits=1, timeout=None, xonxoff=False, rtscts=False, dsrdtr=False)
INFO:root:Iniciando impressao cheque...
INFO:root:Impressora CheckPronto na porta COM1
INFO:root:Configurando porta serial...
INFO:root:Serial<id=0x7b68150, open=False>(port=u'COM1', baudrate=9600, bytesize=8, parity='N', stopbits=1, timeout=None, xonxoff=False, rtscts=False, dsrdtr=False)
INFO:root:Iniciando impressao cheque...
INFO:root:Impressora CheckPronto na porta COM1
INFO:root:Configurando porta serial...
INFO:root:Serial<id=0x7b685f0, open=False>(port=u'COM1', baudrate=9600, bytesize=8, parity='N', stopbits=1, timeout=None, xonxoff=False, rtscts=False, dsrdtr=False)
INFO:root:Iniciando impressao cheque...
INFO:root:Impressora CheckPronto na porta COM1
INFO:root:Configurando porta serial...
INFO:root:Serial<id=0x7b6a710, open=False>(port=u'COM1', baudrate=9600, bytesize=8, parity='N', stopbits=1, timeout=None, xonxoff=False, rtscts=False, dsrdtr=False)
INFO:root:Iniciando impressao cheque...
INFO:root:Impressora CheckPronto na porta COM1
INFO:root:Configurando porta serial...
INFO:root:Serial<id=0x7b6a110, open=False>(port=u'COM1', baudrate=9600, bytesize=8, parity='N', stopbits=1, timeout=None, xonxoff=False, rtscts=False, dsrdtr=False)
INFO:root:Iniciando impressao cheque...
INFO:root:Impressora CheckPronto na porta COM1
INFO:root:Configurando porta serial...
INFO:root:Serial<id=0x7b6aaf0, open=False>(port=u'COM1', baudrate=9600, bytesize=8, parity='N', stopbits=1, timeout=None, xonxoff=False, rtscts=False, dsrdtr=False)
INFO:root:Iniciando impressao cheque...
INFO:root:Impressora CheckPronto na porta COM1
INFO:root:Configurando porta serial...
INFO:root:Serial<id=0x7b6a050, open=False>(port=u'COM1', baudrate=9600, bytesize=8, parity='N', stopbits=1, timeout=None, xonxoff=False, rtscts=False, dsrdtr=False)
INFO:root:Iniciando impressao cheque...
INFO:root:Impressora CheckPronto na porta COM1
INFO:root:Configurando porta serial...
INFO:root:Serial<id=0x7b6f310, open=False>(port=u'COM1', baudrate=9600, bytesize=8, parity='N', stopbits=1, timeout=None, xonxoff=False, rtscts=False, dsrdtr=False)
INFO:root:Iniciando impressao cheque...
INFO:root:Impressora CheckPronto na porta COM1
INFO:root:Configurando porta serial...
INFO:root:Serial<id=0x7b6add0, open=False>(port=u'COM1', baudrate=9600, bytesize=8, parity='N', stopbits=1, timeout=None, xonxoff=False, rtscts=False, dsrdtr=False)
INFO:root:Iniciando impressao cheque...
INFO:root:Impressora CheckPronto na porta COM1
INFO:root:Configurando porta serial...
INFO:root:Serial<id=0x7b6af30, open=False>(port=u'COM1', baudrate=9600, bytesize=8, parity='N', stopbits=1, timeout=None, xonxoff=False, rtscts=False, dsrdtr=False)
INFO:root:Iniciando impressao cheque...
INFO:root:Impressora CheckPronto na porta COM1
INFO:root:Configurando porta serial...
INFO:root:Serial<id=0x7b6a1f0, open=False>(port=u'COM1', baudrate=9600, bytesize=8, parity='N', stopbits=1, timeout=None, xonxoff=False, rtscts=False, dsrdtr=False)
INFO:root:Iniciando impressao cheque...
INFO:root:Impressora CheckPronto na porta COM1
INFO:root:Configurando porta serial...
INFO:root:Serial<id=0x7b6aa10, open=False>(port=u'COM1', baudrate=9600, bytesize=8, parity='N', stopbits=1, timeout=None, xonxoff=False, rtscts=False, dsrdtr=False)
INFO:root:Iniciando impressao cheque...
INFO:root:Impressora CheckPronto na porta COM1
INFO:root:Configurando porta serial...
INFO:root:Serial<id=0x7b6a1b0, open=False>(port=u'COM1', baudrate=9600, bytesize=8, parity='N', stopbits=1, timeout=None, xonxoff=False, rtscts=False, dsrdtr=False)
INFO:root:Iniciando impressao cheque...
INFO:root:Impressora CheckPronto na porta COM1
INFO:root:Configurando porta serial...
INFO:root:Serial<id=0x7b4ff70, open=False>(port=u'COM1', baudrate=9600, bytesize=8, parity='N', stopbits=1, timeout=None, xonxoff=False, rtscts=False, dsrdtr=False)
INFO:root:Iniciando impressao cheque...
INFO:root:Impressora CheckPronto na porta COM1
INFO:root:Configurando porta serial...
INFO:root:Serial<id=0x7b4fdd0, open=False>(port=u'COM1', baudrate=9600, bytesize=8, parity='N', stopbits=1, timeout=None, xonxoff=False, rtscts=False, dsrdtr=False)
INFO:root:Iniciando impressao cheque...
INFO:root:Impressora CheckPronto na porta COM1
INFO:root:Configurando porta serial...
INFO:root:Serial<id=0x7b4ff90, open=False>(port=u'COM1', baudrate=9600, bytesize=8, parity='N', stopbits=1, timeout=None, xonxoff=False, rtscts=False, dsrdtr=False)
INFO:root:Iniciando impressao cheque...
INFO:root:Shutdown - 05/25/17 16:46:05
INFO:root:Started - 05/25/17 16:46:07
INFO:root:Impressora CheckPronto na porta COM1
INFO:root:Configurando porta serial...
INFO:root:Serial<id=0x7e8f310, open=False>(port=u'COM1', baudrate=9600, bytesize=8, parity='N', stopbits=1, timeout=None, xonxoff=False, rtscts=False, dsrdtr=False)
INFO:root:Iniciando impressao cheque...
INFO:root:Shutdown - 05/25/17 16:46:16
INFO:root:Started - 05/25/17 16:52:10
ERROR:root:Traceback (most recent call last):
  File "d:\Java\Fontes\KillBills\AppCheque\servidor.py", line 77, in do_POST
    ControleImpressao(jsonImpressao['ids']).imprimirCheques(jsonImpressao['copia'], jsonImpressao['verso'])
  File "d:\Java\Fontes\KillBills\AppCheque\controleImpressao.py", line 50, in imprimirCheques
    self.validaMatrizImpressao(cheque, verso, copia)
  File "d:\Java\Fontes\KillBills\AppCheque\controleImpressao.py", line 62, in validaMatrizImpressao
    raise MatrizImpressaoException('copia', cheque['codigoContaCorrente'], cheque['numeroCheque'])
MatrizImpressaoException: 'Nao foi possivel imprimir o(a) copia do cheque 341011. A modelo de cheque da conta corrente 0000000341 nao possui esse modelo de impresssao.'

INFO:root:Shutdown - 05/25/17 16:53:24
INFO:root:Started - 05/25/17 16:53:26
INFO:root:Impressora CheckPronto na porta COM1
INFO:root:Configurando porta serial...
INFO:root:Serial<id=0x79ef530, open=False>(port=u'COM1', baudrate=9600, bytesize=8, parity='N', stopbits=1, timeout=None, xonxoff=False, rtscts=False, dsrdtr=False)
INFO:root:Iniciando impressao cheque...
WARNING:root:Nao foi possivel imprimir o(a) copia do cheque 341011. O modelo de cheque da conta corrente 0000000341 nao possui esse modelo de impresssao.
INFO:root:Shutdown - 05/25/17 16:54:56
INFO:root:Started - 05/25/17 16:54:58
WARNING:root:Nao foi possivel imprimir a copia do cheque 341011. O modelo de cheque da conta corrente 0000000341 nao possui esse modelo de impresssao.
INFO:root:Started - 05/26/17 08:22:19
INFO:root:Shutdown - 05/26/17 08:24:43
INFO:root:Started - 05/26/17 09:41:13
INFO:root:Shutdown - 05/26/17 09:41:15
